[duruthemes.com/demo/html/betty/multipage/index.html]
[backblue.gif]
[fade.gif]
[index.html]
[duruthemes.com/demo/html/betty/multipage/images/favicon.png]
[duruthemes.com/demo/html/betty/multipage/css/animate.css]
[duruthemes.com/demo/html/betty/multipage/css/et-lineicons.css]
[duruthemes.com/demo/html/betty/multipage/css/themify-icons.css]
[duruthemes.com/demo/html/betty/multipage/css/bootstrap.css]
[duruthemes.com/demo/html/betty/multipage/css/flaticon.css]
[duruthemes.com/demo/html/betty/multipage/css/magnific-popup.css]
[duruthemes.com/demo/html/betty/multipage/css/owl.carousel.min.css]
[duruthemes.com/demo/html/betty/multipage/css/owl.theme.default.min.css]
[duruthemes.com/demo/html/betty/multipage/css/flexslider.css]
[duruthemes.com/demo/html/betty/multipage/css/style.css]
[duruthemes.com/demo/html/betty/multipage/images/logo.png]
[duruthemes.com/demo/html/betty/multipage/about.html]
[duruthemes.com/demo/html/betty/multipage/services.html]
[duruthemes.com/demo/html/betty/multipage/blog.html]
[duruthemes.com/demo/html/betty/multipage/contact.html]
[duruthemes.com/demo/html/betty/multipage/images/slider/02.jpg]
[duruthemes.com/demo/html/betty/multipage/images/slider/01.jpg]
[duruthemes.com/demo/html/betty/multipage/images/slider/03.jpg]
[duruthemes.com/demo/html/betty/multipage/images/services/01.jpg]
[duruthemes.com/demo/html/betty/multipage/services-page.html]
[duruthemes.com/demo/html/betty/multipage/images/services/02.jpg]
[duruthemes.com/demo/html/betty/multipage/images/services/03.jpg]
[duruthemes.com/demo/html/betty/multipage/images/services/04.jpg]
[duruthemes.com/demo/html/betty/multipage/images/services/05.jpg]
[duruthemes.com/demo/html/betty/multipage/images/services/06.jpg]
[duruthemes.com/demo/html/betty/multipage/post.html]
[duruthemes.com/demo/html/betty/multipage/images/blog/2.jpg]
[duruthemes.com/demo/html/betty/multipage/images/blog/1.jpg]
[duruthemes.com/demo/html/betty/multipage/images/blog/3.jpg]
[duruthemes.com/demo/html/betty/multipage/images/banner.jpg]
[duruthemes.com/demo/html/betty/multipage/images/quot.png]
[duruthemes.com/demo/html/betty/multipage/images/team/a.png]
[duruthemes.com/demo/html/betty/multipage/images/team/b.png]
[duruthemes.com/demo/html/betty/multipage/images/team/c.png]
[duruthemes.com/demo/html/betty/multipage/images/brands/1.png]
[duruthemes.com/demo/html/betty/multipage/images/brands/2.png]
[duruthemes.com/demo/html/betty/multipage/images/brands/3.png]
[duruthemes.com/demo/html/betty/multipage/images/brands/4.png]
[duruthemes.com/demo/html/betty/multipage/images/brands/5.png]
[duruthemes.com/demo/html/betty/multipage/images/brands/6.png]
[duruthemes.com/demo/html/betty/multipage/js/jquery.min.js]
[duruthemes.com/demo/html/betty/multipage/js/modernizr-2.6.2.min.js]
[duruthemes.com/demo/html/betty/multipage/js/jquery.easing.1.3.js]
[duruthemes.com/demo/html/betty/multipage/js/bootstrap.min.js]
[duruthemes.com/demo/html/betty/multipage/js/jquery.waypoints.min.js]
[duruthemes.com/demo/html/betty/multipage/js/jquery.flexslider-min.js]
[duruthemes.com/demo/html/betty/multipage/js/sticky-kit.min.js]
[duruthemes.com/demo/html/betty/multipage/js/jquery.magnific-popup.min.js]
[duruthemes.com/demo/html/betty/multipage/js/owl.carousel.min.js]
[duruthemes.com/demo/html/betty/multipage/js/main.js]
[duruthemes.com/demo/html/betty/multipage/index.html]
[duruthemes.com/demo/html/betty/multipage/css/animate.css]
[duruthemes.com/demo/html/betty/multipage/fonts/et-line.eot]
[duruthemes.com/demo/html/betty/multipage/fonts/et-lined41d.eot]
[duruthemes.com/demo/html/betty/multipage/fonts/et-line.woff]
[duruthemes.com/demo/html/betty/multipage/fonts/et-line.ttf]
[duruthemes.com/demo/html/betty/multipage/css/et-lineicons.css]
[duruthemes.com/demo/html/betty/multipage/fonts/themify.eot]
[duruthemes.com/demo/html/betty/multipage/fonts/et-line.svg]
[duruthemes.com/demo/html/betty/multipage/fonts/themifyd41d.eot]
[duruthemes.com/demo/html/betty/multipage/fonts/themify.woff]
[duruthemes.com/demo/html/betty/multipage/fonts/themify.ttf]
[duruthemes.com/demo/html/betty/multipage/css/themify-icons.css]
[duruthemes.com/demo/html/betty/multipage/css/bootstrap.css]
[duruthemes.com/demo/html/betty/multipage/fonts/themify.svg]
[duruthemes.com/demo/html/betty/multipage/fonts/Flaticon.eot]
[duruthemes.com/demo/html/betty/multipage/fonts/Flaticond41d.eot]
[duruthemes.com/demo/html/betty/multipage/fonts/Flaticon.woff]
[duruthemes.com/demo/html/betty/multipage/fonts/Flaticon.ttf]
[duruthemes.com/demo/html/betty/multipage/css/flaticon.css]
[duruthemes.com/demo/html/betty/multipage/css/magnific-popup.css]
[duruthemes.com/demo/html/betty/multipage/css/owl.carousel.min.css]
[duruthemes.com/demo/html/betty/multipage/css/owl.theme.default.min.css]
[duruthemes.com/demo/html/betty/multipage/css/flexslider.css]
[duruthemes.com/demo/html/betty/multipage/css/style.css]
[duruthemes.com/demo/html/betty/multipage/images/about.jpg]
[duruthemes.com/demo/html/betty/multipage/fonts/Flaticon.svg]
[duruthemes.com/demo/html/betty/multipage/images/team/1.jpg]
[duruthemes.com/demo/html/betty/multipage/images/team/2.jpg]
[duruthemes.com/demo/html/betty/multipage/about.html]
[duruthemes.com/demo/html/betty/multipage/services.html]
[duruthemes.com/demo/html/betty/multipage/images/blog/4.jpg]
[duruthemes.com/demo/html/betty/multipage/blog.html]
[duruthemes.com/demo/html/betty/multipage/contact.html]
[duruthemes.com/demo/html/betty/multipage/images/services/1.jpg]
[duruthemes.com/demo/html/betty/multipage/images/services/g1.jpg]
[duruthemes.com/demo/html/betty/multipage/images/services/g2.jpg]
[duruthemes.com/demo/html/betty/multipage/images/services/g3.jpg]
[duruthemes.com/demo/html/betty/multipage/images/services/g4.jpg]
[duruthemes.com/demo/html/betty/multipage/images/services/g5.jpg]
[duruthemes.com/demo/html/betty/multipage/images/services/g6.jpg]
[duruthemes.com/demo/html/betty/multipage/services-page.html]
[duruthemes.com/demo/html/betty/multipage/images/blog/post.jpg]
[duruthemes.com/demo/html/betty/multipage/post.html]
[duruthemes.com/demo/html/betty/multipage/fonts/et-line.svg]
[duruthemes.com/demo/html/betty/multipage/fonts/themify.svg]
[duruthemes.com/demo/html/betty/multipage/fonts/Flaticon.svg]
[duruthemes.com/demo/html/betty/multipage/css/owl.video.play.html]
